Base path: /Applications/Unity/Unity.app/Contents
Pipe name: \\.\pipe\UnityShaderCompiler-1--1602129452
Cmd: getPlatforms
Cmd: preprocess
  insize=447 outsize=447 ok=1
Cmd: preprocess
  insize=1487 outsize=1095 ok=1
Cmd: compileSnippet
  api=0 type=0 insize=5102 outsize=919 kw=DIRECTIONAL SHADOWS_OFF LIGHTMAP_OFF DIRLIGHTMAP_OFF ok=1
Cmd: compileSnippet
  api=0 type=1 insize=5102 outsize=426 kw=DIRECTIONAL SHADOWS_OFF LIGHTMAP_OFF DIRLIGHTMAP_OFF ok=1
Cmd: compileSnippet
  api=0 type=0 insize=3078 outsize=817 kw=POINT ok=1
Cmd: compileSnippet
  api=0 type=1 insize=3078 outsize=666 kw=POINT ok=1
Cmd: preprocess
  insize=1048 outsize=887 ok=1
Cmd: compileSnippet
  api=0 type=0 insize=4871 outsize=919 kw=DIRECTIONAL SHADOWS_OFF LIGHTMAP_OFF DIRLIGHTMAP_OFF ok=1
Cmd: compileSnippet
  api=0 type=1 insize=4871 outsize=445 kw=DIRECTIONAL SHADOWS_OFF LIGHTMAP_OFF DIRLIGHTMAP_OFF ok=1
Cmd: compileSnippet
  api=0 type=0 insize=2847 outsize=817 kw=POINT ok=1
Cmd: compileSnippet
  api=0 type=1 insize=2847 outsize=666 kw=POINT ok=1
Cmd: preprocess
  insize=1395 outsize=1016 ok=1
Cmd: compileSnippet
  api=0 type=0 insize=5088 outsize=919 kw=DIRECTIONAL SHADOWS_OFF LIGHTMAP_OFF DIRLIGHTMAP_OFF ok=1
Cmd: compileSnippet
  api=0 type=1 insize=5088 outsize=512 kw=DIRECTIONAL SHADOWS_OFF LIGHTMAP_OFF DIRLIGHTMAP_OFF ok=1
Cmd: compileSnippet
  api=0 type=0 insize=3064 outsize=817 kw=POINT ok=1
Cmd: compileSnippet
  api=0 type=1 insize=3064 outsize=748 kw=POINT ok=1
Cmd: preprocess
  insize=1576 outsize=991 ok=1
Cmd: compileSnippet
  api=0 type=0 insize=867 outsize=635 kw= ok=1
Cmd: compileSnippet
  api=0 type=1 insize=867 outsize=84 kw= ok=1
Cmd: compileSnippet
  api=0 type=0 insize=834 outsize=635 kw= ok=1
Cmd: preprocess
  insize=579 outsize=576 ok=1
Cmd: preprocess
  insize=1740 outsize=1176 ok=1
Cmd: compileSnippet
  api=0 type=0 insize=5421 outsize=1058 kw=DIRECTIONAL SHADOWS_OFF LIGHTMAP_OFF DIRLIGHTMAP_OFF ok=1
Cmd: compileSnippet
  api=0 type=1 insize=5421 outsize=848 kw=DIRECTIONAL SHADOWS_OFF LIGHTMAP_OFF DIRLIGHTMAP_OFF ok=1
Cmd: compileSnippet
  api=0 type=0 insize=3400 outsize=857 kw=POINT ok=1
Cmd: compileSnippet
  api=0 type=1 insize=3400 outsize=1061 kw=POINT ok=1
Cmd: preprocess
  insize=1690 outsize=1131 ok=1
Cmd: compileSnippet
  api=0 type=0 insize=5438 outsize=1058 kw=DIRECTIONAL SHADOWS_OFF LIGHTMAP_OFF DIRLIGHTMAP_OFF ok=1
Cmd: compileSnippet
  api=0 type=1 insize=5438 outsize=790 kw=DIRECTIONAL SHADOWS_OFF LIGHTMAP_OFF DIRLIGHTMAP_OFF ok=1
Cmd: compileSnippet
  api=0 type=0 insize=3244 outsize=817 kw=POINT ok=1
Cmd: compileSnippet
  api=0 type=1 insize=3244 outsize=748 kw=POINT ok=1
Cmd: preprocess
  insize=1611 outsize=1090 ok=1
Cmd: compileSnippet
  api=0 type=0 insize=5378 outsize=1058 kw=DIRECTIONAL SHADOWS_OFF LIGHTMAP_OFF DIRLIGHTMAP_OFF ok=1
Cmd: compileSnippet
  api=0 type=1 insize=5378 outsize=869 kw=DIRECTIONAL SHADOWS_OFF LIGHTMAP_OFF DIRLIGHTMAP_OFF ok=1
Cmd: compileSnippet
  api=0 type=0 insize=3357 outsize=857 kw=POINT ok=1
Cmd: compileSnippet
  api=0 type=1 insize=3357 outsize=1076 kw=POINT ok=1
Cmd: preprocess
  insize=1500 outsize=667 ok=1
Cmd: compileSnippet
  api=0 type=0 insize=1135 outsize=547 kw= ok=1
Cmd: compileSnippet
  api=0 type=1 insize=1135 outsize=333 kw= ok=1
Cmd: preprocess
  insize=1585 outsize=752 ok=1
Cmd: compileSnippet
  api=0 type=0 insize=1135 outsize=547 kw= ok=1
Cmd: compileSnippet
  api=0 type=1 insize=1135 outsize=333 kw= ok=1
Cmd: preprocess
  insize=1678 outsize=1173 ok=1
Cmd: compileSnippet
  api=0 type=0 insize=5451 outsize=1058 kw=DIRECTIONAL LIGHTMAP_OFF DIRLIGHTMAP_OFF ok=1
Cmd: compileSnippet
  api=0 type=1 insize=5451 outsize=785 kw=DIRECTIONAL LIGHTMAP_OFF DIRLIGHTMAP_OFF ok=1
Cmd: compileSnippet
  api=0 type=0 insize=3412 outsize=857 kw=POINT ok=1
Cmd: compileSnippet
  api=0 type=1 insize=3412 outsize=1019 kw=POINT ok=1
Cmd: compileSnippet
  api=0 type=0 insize=3412 outsize=708 kw=DIRECTIONAL ok=1
Cmd: compileSnippet
  api=0 type=1 insize=3412 outsize=779 kw=DIRECTIONAL ok=1
Cmd: compileSnippet
  api=0 type=0 insize=3078 outsize=560 kw=DIRECTIONAL ok=1
Cmd: compileSnippet
  api=0 type=1 insize=3078 outsize=428 kw=DIRECTIONAL ok=1
Cmd: compileSnippet
  api=0 type=0 insize=5438 outsize=1173 kw=DIRECTIONAL SHADOWS_SCREEN LIGHTMAP_OFF DIRLIGHTMAP_OFF ok=1
Cmd: compileSnippet
  api=0 type=1 insize=5438 outsize=876 kw=DIRECTIONAL SHADOWS_SCREEN LIGHTMAP_OFF DIRLIGHTMAP_OFF ok=1
Cmd: compileSnippet
  api=0 type=0 insize=3244 outsize=560 kw=DIRECTIONAL ok=1
Cmd: compileSnippet
  api=0 type=1 insize=3244 outsize=508 kw=DIRECTIONAL ok=1
Cmd: compileSnippet
  api=0 type=0 insize=3064 outsize=560 kw=DIRECTIONAL ok=1
Cmd: compileSnippet
  api=0 type=1 insize=3064 outsize=508 kw=DIRECTIONAL ok=1
Cmd: compileSnippet
  api=0 type=0 insize=5088 outsize=1034 kw=DIRECTIONAL SHADOWS_SCREEN LIGHTMAP_OFF DIRLIGHTMAP_OFF ok=1
Cmd: compileSnippet
  api=0 type=1 insize=5088 outsize=600 kw=DIRECTIONAL SHADOWS_SCREEN LIGHTMAP_OFF DIRLIGHTMAP_OFF ok=1
